2023-01-22 21:37:33 [background-preinit] INFO  : HV000001: Hibernate Validator 6.2.5.Final
2023-01-22 21:37:33 [main] INFO  : Starting SpotifyApplication using Java 18.0.2-ea on gabi-HP-EliteBook-820-G2 with PID 5466 (/home/gabi/Facultate/POS/POS_homeworks/activitate-laborator-2022-2023-UrsachiGabriela/Proiect/API_GATEWAY/target/classes started by gabi in /home/gabi/Facultate/POS/POS_homeworks/activitate-laborator-2022-2023-UrsachiGabriela/Proiect/API_GATEWAY)
2023-01-22 21:37:33 [main] INFO  : No active profile set, falling back to 1 default profile: "default"
2023-01-22 21:37:37 [main] INFO  : Bean 'org.springframework.ws.config.annotation.DelegatingWsConfiguration' of type [org.springframework.ws.config.annotation.DelegatingWsConfiguration$$EnhancerBySpringCGLIB$$4aebfe6b] is not eligible for getting processed by all BeanPostProcessors (for example: not eligible for auto-proxying)
2023-01-22 21:37:37 [main] INFO  : Supporting [WS-Addressing August 2004, WS-Addressing 1.0]
2023-01-22 21:37:37 [main] INFO  : Tomcat initialized with port(s): 8082 (http)
2023-01-22 21:37:37 [main] INFO  : Initializing ProtocolHandler ["http-nio-8082"]
2023-01-22 21:37:37 [main] INFO  : Starting service [Tomcat]
2023-01-22 21:37:37 [main] INFO  : Starting Servlet engine: [Apache Tomcat/9.0.68]
2023-01-22 21:37:38 [main] INFO  : Initializing Spring embedded WebApplicationContext
2023-01-22 21:37:38 [main] INFO  : Root WebApplicationContext: initialization completed in 4088 ms
2023-01-22 21:37:39 [main] INFO  : Creating SAAJ 1.3 MessageFactory with SOAP 1.1 Protocol
2023-01-22 21:37:40 [main] INFO  : Creating SAAJ 1.3 MessageFactory with SOAP 1.1 Protocol
2023-01-22 21:37:44 [main] INFO  : Starting ProtocolHandler ["http-nio-8082"]
2023-01-22 21:37:44 [main] INFO  : Tomcat started on port(s): 8082 (http) with context path ''
2023-01-22 21:37:44 [main] INFO  : Started SpotifyApplication in 12.46 seconds (JVM running for 15.688)
2023-01-22 21:38:07 [http-nio-8082-exec-1] INFO  : Initializing Spring DispatcherServlet 'dispatcherServlet'
2023-01-22 21:38:07 [http-nio-8082-exec-1] INFO  : Initializing Servlet 'dispatcherServlet'
2023-01-22 21:38:07 [http-nio-8082-exec-1] INFO  : Completed initialization in 1 ms
2023-01-22 21:38:07 [http-nio-8082-exec-2] INFO  : [AuthController] -> POST, logout: token:Bearer eyJhbGciOiJIUzI1NiIsInR5cCI6IkpXVCJ9.eyJpc3MiOiAiaHR0cDovLzEyNy4wLjAuMTo4MDAwIiwgInN1YiI6IDM4LCAiZXhwIjogIjIwMjMtMDEtMjJUMjA6MTQ6NDYuNDcxNTAwIiwgImp0aSI6ICI3NjAwOTBlOC05YTdjLTExZWQtOWJjOC0yMWY0N2VkNDQwNGEiLCAicm9sZXMiOiBbIkNPTlRFTlRfTUFOQUdFUiIsICJBUlRJU1QiLCAiQ0xJRU5UIl19.pujGFjE0V3gquKrtcJDNl15FMXz04iL3zb85t8S7kME
2023-01-22 21:39:35 [http-nio-8082-exec-5] INFO  : [AuthController] -> POST, login: request:LoginRequest(name=Gabi-12345, password=Gabi-12345)
2023-01-22 21:39:39 [http-nio-8082-exec-6] INFO  : [AuthController] -> POST, login: request:LoginRequest(name=Gabi-12345, password=Gabi-12345)
2023-01-22 21:39:45 [http-nio-8082-exec-5] INFO  : [ControllerAdvice] -> handle SoapFaultClientException, details:Internal Error
2023-01-22 21:39:46 [http-nio-8082-exec-8] INFO  : [AuthController] -> POST, authorize: header:Bearer undefined
2023-01-22 21:39:56 [http-nio-8082-exec-6] INFO  : [ControllerAdvice] -> handle SoapFaultClientException, details:Internal Error
2023-01-22 21:39:56 [http-nio-8082-exec-8] INFO  : [ControllerAdvice] -> handle SoapFaultClientException, details:Invalid token
2023-01-22 21:39:56 [http-nio-8082-exec-9] INFO  : [AuthController] -> POST, authorize: header:Bearer undefined
2023-01-22 21:39:56 [http-nio-8082-exec-9] INFO  : [ControllerAdvice] -> handle SoapFaultClientException, details:Invalid token
2023-01-22 21:40:23 [http-nio-8082-exec-10] INFO  : [AuthController] -> POST, login: request:LoginRequest(name=Gabi-12345, password=Gabi-12345)
2023-01-22 21:40:23 [http-nio-8082-exec-10] INFO  : [ControllerAdvice] -> handle SoapFaultClientException, details:Internal Error
2023-01-22 21:40:23 [http-nio-8082-exec-1] INFO  : [AuthController] -> POST, authorize: header:Bearer undefined
2023-01-22 21:40:23 [http-nio-8082-exec-1] INFO  : [ControllerAdvice] -> handle SoapFaultClientException, details:Invalid token
2023-01-22 21:40:26 [http-nio-8082-exec-2] INFO  : [AuthController] -> POST, login: request:LoginRequest(name=Gabi-12345, password=Gabi-12345)
2023-01-22 21:40:26 [http-nio-8082-exec-2] INFO  : [ControllerAdvice] -> handle SoapFaultClientException, details:Internal Error
2023-01-22 21:40:26 [http-nio-8082-exec-3] INFO  : [AuthController] -> POST, authorize: header:Bearer undefined
2023-01-22 21:40:26 [http-nio-8082-exec-3] INFO  : [ControllerAdvice] -> handle SoapFaultClientException, details:Invalid token
2023-01-22 21:40:36 [http-nio-8082-exec-4] INFO  : [AuthController] -> POST, login: request:LoginRequest(name=Gabi-12345, password=Gabi-12345)
2023-01-22 21:40:36 [http-nio-8082-exec-5] INFO  : [AuthController] -> POST, authorize: header:Bearer eyJhbGciOiJIUzI1NiIsInR5cCI6IkpXVCJ9.eyJpc3MiOiAiaHR0cDovLzEyNy4wLjAuMTo4MDAwIiwgInN1YiI6IDM4LCAiZXhwIjogIjIwMjMtMDEtMjJUMjI6MTA6MzYuNDc2ODM0IiwgImp0aSI6ICJhNDkyZjdjNC05YThjLTExZWQtOTRlZS03NTY2N2NjYzc5ZWQiLCAicm9sZXMiOiBbIkNPTlRFTlRfTUFOQUdFUiIsICJBUlRJU1QiLCAiQ0xJRU5UIl19.OX5pbX3jwKqT6XAUsl8-Dcc1W_n8ZjzclZOPpPSh9Og
2023-01-22 21:40:44 [http-nio-8082-exec-7] INFO  : [AuthController] -> POST, logout: token:Bearer eyJhbGciOiJIUzI1NiIsInR5cCI6IkpXVCJ9.eyJpc3MiOiAiaHR0cDovLzEyNy4wLjAuMTo4MDAwIiwgInN1YiI6IDM4LCAiZXhwIjogIjIwMjMtMDEtMjJUMjI6MTA6MzYuNDc2ODM0IiwgImp0aSI6ICJhNDkyZjdjNC05YThjLTExZWQtOTRlZS03NTY2N2NjYzc5ZWQiLCAicm9sZXMiOiBbIkNPTlRFTlRfTUFOQUdFUiIsICJBUlRJU1QiLCAiQ0xJRU5UIl19.OX5pbX3jwKqT6XAUsl8-Dcc1W_n8ZjzclZOPpPSh9Og
2023-01-22 22:28:00 [http-nio-8082-exec-10] INFO  : [AuthController] -> POST, login: request:LoginRequest(name=Gabi-12345, password=Gabi-12345)
2023-01-22 22:28:00 [http-nio-8082-exec-2] INFO  : [AuthController] -> POST, authorize: header:Bearer eyJhbGciOiJIUzI1NiIsInR5cCI6IkpXVCJ9.eyJpc3MiOiAiaHR0cDovLzEyNy4wLjAuMTo4MDAwIiwgInN1YiI6IDM4LCAiZXhwIjogIjIwMjMtMDEtMjJUMjI6NTg6MDAuNDQ0MDAzIiwgImp0aSI6ICI0M2FhMGMyYS05YTkzLTExZWQtOTRlZS03NTY2N2NjYzc5ZWQiLCAicm9sZXMiOiBbIkNPTlRFTlRfTUFOQUdFUiIsICJBUlRJU1QiLCAiQ0xJRU5UIl19.X4cfYG-e5tvWGZ2mwLwpfNutJP3mU365PWTPYxOxMDU
2023-01-22 22:57:27 [http-nio-8082-exec-5] INFO  : [AuthController] -> POST, logout: token:Bearer eyJhbGciOiJIUzI1NiIsInR5cCI6IkpXVCJ9.eyJpc3MiOiAiaHR0cDovLzEyNy4wLjAuMTo4MDAwIiwgInN1YiI6IDM4LCAiZXhwIjogIjIwMjMtMDEtMjJUMjI6NTg6MDAuNDQ0MDAzIiwgImp0aSI6ICI0M2FhMGMyYS05YTkzLTExZWQtOTRlZS03NTY2N2NjYzc5ZWQiLCAicm9sZXMiOiBbIkNPTlRFTlRfTUFOQUdFUiIsICJBUlRJU1QiLCAiQ0xJRU5UIl19.X4cfYG-e5tvWGZ2mwLwpfNutJP3mU365PWTPYxOxMDU
