2023-01-22 21:41:06 [background-preinit] INFO  : HV000001: Hibernate Validator 6.2.5.Final
2023-01-22 21:41:06 [main] INFO  : Starting SpotifyApplication using Java 18.0.2-ea on gabi-HP-EliteBook-820-G2 with PID 6319 (/home/gabi/Facultate/POS/POS_homeworks/activitate-laborator-2022-2023-UrsachiGabriela/Proiect/SONGS_ARTISTS/target/classes started by gabi in /home/gabi/Facultate/POS/POS_homeworks/activitate-laborator-2022-2023-UrsachiGabriela/Proiect/SONGS_ARTISTS)
2023-01-22 21:41:06 [main] INFO  : No active profile set, falling back to 1 default profile: "default"
2023-01-22 21:41:08 [main] INFO  : Bootstrapping Spring Data JPA repositories in DEFAULT mode.
2023-01-22 21:41:08 [main] INFO  : Finished Spring Data repository scanning in 122 ms. Found 2 JPA repository interfaces.
2023-01-22 21:41:08 [main] INFO  : Bean 'org.springframework.ws.config.annotation.DelegatingWsConfiguration' of type [org.springframework.ws.config.annotation.DelegatingWsConfiguration$$EnhancerBySpringCGLIB$$f6366be2] is not eligible for getting processed by all BeanPostProcessors (for example: not eligible for auto-proxying)
2023-01-22 21:41:08 [main] INFO  : Supporting [WS-Addressing August 2004, WS-Addressing 1.0]
2023-01-22 21:41:09 [main] INFO  : Tomcat initialized with port(s): 8080 (http)
2023-01-22 21:41:09 [main] INFO  : Initializing ProtocolHandler ["http-nio-8080"]
2023-01-22 21:41:09 [main] INFO  : Starting service [Tomcat]
2023-01-22 21:41:09 [main] INFO  : Starting Servlet engine: [Apache Tomcat/9.0.68]
2023-01-22 21:41:09 [main] INFO  : Initializing Spring embedded WebApplicationContext
2023-01-22 21:41:09 [main] INFO  : Root WebApplicationContext: initialization completed in 2803 ms
2023-01-22 21:41:09 [main] INFO  : HHH000204: Processing PersistenceUnitInfo [name: default]
2023-01-22 21:41:09 [main] INFO  : HHH000412: Hibernate ORM core version 5.6.12.Final
2023-01-22 21:41:10 [main] INFO  : HCANN000001: Hibernate Commons Annotations {5.1.2.Final}
2023-01-22 21:41:10 [main] INFO  : HikariPool-1 - Starting...
2023-01-22 21:41:10 [main] INFO  : HikariPool-1 - Start completed.
2023-01-22 21:41:10 [main] INFO  : HHH000400: Using dialect: org.hibernate.dialect.MariaDB106Dialect
2023-01-22 21:41:11 [main] INFO  : HHH000490: Using JtaPlatform implementation: [org.hibernate.engine.transaction.jta.platform.internal.NoJtaPlatform]
2023-01-22 21:41:11 [main] INFO  : Initialized JPA EntityManagerFactory for persistence unit 'default'
2023-01-22 21:41:11 [main] INFO  : Creating SAAJ 1.3 MessageFactory with SOAP 1.1 Protocol
2023-01-22 21:41:12 [main] INFO  : Creating SAAJ 1.3 MessageFactory with SOAP 1.1 Protocol
2023-01-22 21:41:12 [main] WARN  : spring.jpa.open-in-view is enabled by default. Therefore, database queries may be performed during view rendering. Explicitly configure spring.jpa.open-in-view to disable this warning
2023-01-22 21:41:14 [main] INFO  : Starting ProtocolHandler ["http-nio-8080"]
2023-01-22 21:41:15 [main] INFO  : Tomcat started on port(s): 8080 (http) with context path ''
2023-01-22 21:41:15 [main] INFO  : Started SpotifyApplication in 9.36 seconds (JVM running for 10.767)
2023-01-22 21:41:17 [http-nio-8080-exec-1] INFO  : Initializing Spring DispatcherServlet 'dispatcherServlet'
2023-01-22 21:41:17 [http-nio-8080-exec-1] INFO  : Initializing Servlet 'dispatcherServlet'
2023-01-22 21:41:17 [http-nio-8080-exec-1] INFO  : Completed initialization in 9 ms
2023-01-22 21:41:18 [http-nio-8080-exec-1] INFO  : [SongsController] -> GET, getAllSongs: page:0, size:9, searchBy:null, searchedValue:null, match:null
2023-01-22 21:41:20 [http-nio-8080-exec-2] INFO  : [SongsController] -> GET, getAllSongs: page:1, size:9, searchBy:null, searchedValue:null, match:null
2023-01-22 21:41:22 [http-nio-8080-exec-3] INFO  : [SongsController] -> GET, getAllSongs: page:0, size:9, searchBy:null, searchedValue:null, match:null
2023-01-22 21:42:02 [http-nio-8080-exec-4] INFO  : [SongsController] -> GET, getAllSongs: page:0, size:9, searchBy:null, searchedValue:null, match:null
2023-01-22 21:42:13 [http-nio-8080-exec-5] INFO  : [SongsController] -> GET, getAllSongs: page:0, size:9, searchBy:null, searchedValue:null, match:null
2023-01-22 21:42:22 [http-nio-8080-exec-6] INFO  : [SongsController] -> GET, getAllSongs: page:0, size:9, searchBy:null, searchedValue:null, match:null
2023-01-22 21:42:24 [http-nio-8080-exec-7] INFO  : [SongsController] -> GET, getAllSongs: page:0, size:9, searchBy:null, searchedValue:null, match:null
2023-01-22 21:42:25 [http-nio-8080-exec-8] INFO  : [SongsController] -> GET, getAllSongs: page:0, size:9, searchBy:null, searchedValue:null, match:null
2023-01-22 21:42:39 [http-nio-8080-exec-9] INFO  : [SongsController] -> GET, getAllSongs: page:1, size:9, searchBy:null, searchedValue:null, match:null
2023-01-22 21:42:40 [http-nio-8080-exec-10] INFO  : [SongsController] -> GET, getAllSongs: page:0, size:9, searchBy:null, searchedValue:null, match:null
2023-01-22 21:43:07 [http-nio-8080-exec-1] INFO  : [SongsController] -> GET, getAllSongs: page:0, size:9, searchBy:null, searchedValue:null, match:null
2023-01-22 21:44:32 [http-nio-8080-exec-3] INFO  : [SongsController] -> GET, getAllSongs: page:0, size:9, searchBy:null, searchedValue:null, match:null
2023-01-22 21:44:34 [http-nio-8080-exec-4] INFO  : [SongsController] -> GET, getAllSongs: page:0, size:9, searchBy:null, searchedValue:null, match:null
2023-01-22 21:44:36 [http-nio-8080-exec-5] INFO  : [SongsController] -> GET, getAllSongs: page:0, size:9, searchBy:null, searchedValue:null, match:null
2023-01-22 21:44:43 [http-nio-8080-exec-6] INFO  : [SongsController] -> GET, getAllSongs: page:0, size:9, searchBy:null, searchedValue:null, match:null
2023-01-22 21:44:52 [http-nio-8080-exec-7] INFO  : [SongsController] -> GET, getAllSongs: page:0, size:9, searchBy:null, searchedValue:null, match:null
2023-01-22 21:44:57 [http-nio-8080-exec-8] INFO  : [SongsController] -> GET, getAllSongs: page:0, size:9, searchBy:null, searchedValue:null, match:null
2023-01-22 21:45:58 [http-nio-8080-exec-10] INFO  : [SongsController] -> GET, getAllSongs: page:0, size:9, searchBy:null, searchedValue:null, match:null
2023-01-22 21:46:11 [http-nio-8080-exec-1] INFO  : [SongsController] -> GET, getAllSongs: page:0, size:9, searchBy:null, searchedValue:null, match:null
2023-01-22 21:46:18 [http-nio-8080-exec-2] INFO  : [SongsController] -> GET, getAllSongs: page:0, size:9, searchBy:null, searchedValue:null, match:null
2023-01-22 21:46:25 [http-nio-8080-exec-3] INFO  : [SongsController] -> GET, getAllSongs: page:0, size:9, searchBy:null, searchedValue:null, match:null
2023-01-22 21:46:28 [http-nio-8080-exec-4] INFO  : [SongsController] -> GET, getAllSongs: page:0, size:9, searchBy:null, searchedValue:null, match:null
2023-01-22 21:46:40 [http-nio-8080-exec-5] INFO  : [SongsController] -> GET, getAllSongs: page:0, size:9, searchBy:null, searchedValue:null, match:null
2023-01-22 21:46:52 [http-nio-8080-exec-6] INFO  : [SongsController] -> GET, getAllSongs: page:0, size:9, searchBy:null, searchedValue:null, match:null
2023-01-22 21:47:07 [http-nio-8080-exec-7] INFO  : [SongsController] -> GET, getAllSongs: page:0, size:9, searchBy:null, searchedValue:null, match:null
2023-01-22 21:47:15 [http-nio-8080-exec-8] INFO  : [SongsController] -> GET, getAllSongs: page:0, size:9, searchBy:null, searchedValue:null, match:null
2023-01-22 21:47:15 [http-nio-8080-exec-9] INFO  : [SongsController] -> GET, getAllSongs: page:0, size:9, searchBy:null, searchedValue:null, match:null
2023-01-22 21:47:34 [http-nio-8080-exec-10] INFO  : [SongsController] -> GET, getAllSongs: page:0, size:9, searchBy:null, searchedValue:null, match:null
2023-01-22 21:47:48 [http-nio-8080-exec-1] INFO  : [SongsController] -> GET, getAllSongs: page:0, size:9, searchBy:null, searchedValue:null, match:null
2023-01-22 21:49:50 [http-nio-8080-exec-4] INFO  : [SongsController] -> GET, getSongById, songId:74
2023-01-22 21:51:41 [http-nio-8080-exec-6] INFO  : [SongsController] -> GET, getAllSongs: page:0, size:9, searchBy:null, searchedValue:null, match:null
2023-01-22 22:16:20 [http-nio-8080-exec-8] INFO  : [SongsController] -> GET, getAllSongs: page:0, size:9, searchBy:null, searchedValue:null, match:null
2023-01-22 22:16:20 [http-nio-8080-exec-9] INFO  : [SongsController] -> GET, getAllSongs: page:0, size:9, searchBy:null, searchedValue:null, match:null
2023-01-22 22:16:21 [http-nio-8080-exec-10] INFO  : [SongsController] -> GET, getAllSongs: page:0, size:9, searchBy:null, searchedValue:null, match:null
2023-01-22 22:16:21 [http-nio-8080-exec-1] INFO  : [SongsController] -> GET, getAllSongs: page:0, size:9, searchBy:null, searchedValue:null, match:null
2023-01-22 22:16:22 [http-nio-8080-exec-2] INFO  : [SongsController] -> GET, getAllSongs: page:0, size:9, searchBy:null, searchedValue:null, match:null
2023-01-22 22:16:22 [http-nio-8080-exec-3] INFO  : [SongsController] -> GET, getAllSongs: page:0, size:9, searchBy:null, searchedValue:null, match:null
2023-01-22 22:16:22 [http-nio-8080-exec-4] INFO  : [SongsController] -> GET, getAllSongs: page:0, size:9, searchBy:null, searchedValue:null, match:null
2023-01-22 22:16:22 [http-nio-8080-exec-5] INFO  : [SongsController] -> GET, getAllSongs: page:0, size:9, searchBy:null, searchedValue:null, match:null
2023-01-22 22:16:23 [http-nio-8080-exec-6] INFO  : [SongsController] -> GET, getAllSongs: page:0, size:9, searchBy:null, searchedValue:null, match:null
2023-01-22 22:16:23 [http-nio-8080-exec-7] INFO  : [SongsController] -> GET, getAllSongs: page:0, size:9, searchBy:null, searchedValue:null, match:null
2023-01-22 22:16:23 [http-nio-8080-exec-8] INFO  : [SongsController] -> GET, getAllSongs: page:0, size:9, searchBy:null, searchedValue:null, match:null
2023-01-22 22:16:23 [http-nio-8080-exec-9] INFO  : [SongsController] -> GET, getAllSongs: page:0, size:9, searchBy:null, searchedValue:null, match:null
2023-01-22 22:16:24 [http-nio-8080-exec-10] INFO  : [SongsController] -> GET, getAllSongs: page:0, size:9, searchBy:null, searchedValue:null, match:null
2023-01-22 22:16:24 [http-nio-8080-exec-1] INFO  : [SongsController] -> GET, getAllSongs: page:0, size:9, searchBy:null, searchedValue:null, match:null
2023-01-22 22:16:24 [http-nio-8080-exec-2] INFO  : [SongsController] -> GET, getAllSongs: page:0, size:9, searchBy:null, searchedValue:null, match:null
2023-01-22 22:16:25 [http-nio-8080-exec-3] INFO  : [SongsController] -> GET, getAllSongs: page:0, size:9, searchBy:null, searchedValue:null, match:null
2023-01-22 22:16:40 [http-nio-8080-exec-4] INFO  : [SongsController] -> GET, getAllSongs: page:0, size:9, searchBy:null, searchedValue:null, match:null
2023-01-22 22:16:57 [http-nio-8080-exec-5] INFO  : [SongsController] -> GET, getAllSongs: page:0, size:9, searchBy:null, searchedValue:null, match:null
2023-01-22 22:17:01 [http-nio-8080-exec-6] INFO  : [SongsController] -> GET, getAllSongs: page:0, size:9, searchBy:null, searchedValue:null, match:null
2023-01-22 22:17:30 [http-nio-8080-exec-7] INFO  : [SongsController] -> GET, getAllSongs: page:0, size:9, searchBy:null, searchedValue:null, match:null
2023-01-22 22:17:31 [http-nio-8080-exec-8] INFO  : [SongsController] -> GET, getAllSongs: page:0, size:9, searchBy:null, searchedValue:null, match:null
2023-01-22 22:17:37 [http-nio-8080-exec-9] INFO  : [SongsController] -> GET, getAllSongs: page:0, size:9, searchBy:null, searchedValue:null, match:null
2023-01-22 22:17:45 [http-nio-8080-exec-10] INFO  : [SongsController] -> GET, getAllSongs: page:0, size:9, searchBy:null, searchedValue:null, match:null
2023-01-22 22:17:45 [http-nio-8080-exec-1] INFO  : [SongsController] -> GET, getSongById, songId:88
2023-01-22 22:17:45 [http-nio-8080-exec-2] INFO  : [SongsController] -> GET, getSongById, songId:91
2023-01-22 22:17:45 [http-nio-8080-exec-3] INFO  : [SongsController] -> GET, getSongById, songId:95
2023-01-22 22:17:48 [http-nio-8080-exec-4] INFO  : [SongsController] -> GET, getAllSongs: page:0, size:9, searchBy:null, searchedValue:null, match:null
2023-01-22 22:17:48 [http-nio-8080-exec-5] INFO  : [SongsController] -> GET, getSongById, songId:88
2023-01-22 22:17:48 [http-nio-8080-exec-6] INFO  : [SongsController] -> GET, getSongById, songId:91
2023-01-22 22:17:48 [http-nio-8080-exec-7] INFO  : [SongsController] -> GET, getSongById, songId:95
2023-01-22 22:17:59 [http-nio-8080-exec-8] INFO  : [SongsController] -> GET, getAllSongs: page:0, size:9, searchBy:null, searchedValue:null, match:null
2023-01-22 22:17:59 [http-nio-8080-exec-9] INFO  : [SongsController] -> GET, getSongById, songId:88
2023-01-22 22:17:59 [http-nio-8080-exec-10] INFO  : [SongsController] -> GET, getSongById, songId:91
2023-01-22 22:17:59 [http-nio-8080-exec-1] INFO  : [SongsController] -> GET, getSongById, songId:95
2023-01-22 22:18:27 [http-nio-8080-exec-2] INFO  : [SongsController] -> GET, getAllSongs: page:0, size:9, searchBy:null, searchedValue:null, match:null
2023-01-22 22:18:27 [http-nio-8080-exec-3] INFO  : [SongsController] -> GET, getSongById, songId:88
2023-01-22 22:18:27 [http-nio-8080-exec-4] INFO  : [SongsController] -> GET, getSongById, songId:91
2023-01-22 22:18:27 [http-nio-8080-exec-6] INFO  : [SongsController] -> GET, getSongById, songId:95
2023-01-22 22:18:30 [http-nio-8080-exec-7] INFO  : [SongsController] -> GET, getAllSongs: page:0, size:9, searchBy:null, searchedValue:null, match:null
2023-01-22 22:18:30 [http-nio-8080-exec-5] INFO  : [SongsController] -> GET, getSongById, songId:88
2023-01-22 22:18:30 [http-nio-8080-exec-8] INFO  : [SongsController] -> GET, getSongById, songId:91
2023-01-22 22:18:30 [http-nio-8080-exec-9] INFO  : [SongsController] -> GET, getSongById, songId:95
2023-01-22 22:18:39 [http-nio-8080-exec-10] INFO  : [SongsController] -> GET, getAllSongs: page:0, size:9, searchBy:null, searchedValue:null, match:null
2023-01-22 22:18:40 [http-nio-8080-exec-1] INFO  : [SongsController] -> GET, getSongById, songId:88
2023-01-22 22:18:40 [http-nio-8080-exec-2] INFO  : [SongsController] -> GET, getSongById, songId:91
2023-01-22 22:18:40 [http-nio-8080-exec-4] INFO  : [SongsController] -> GET, getSongById, songId:95
2023-01-22 22:19:02 [http-nio-8080-exec-6] INFO  : [SongsController] -> GET, getAllSongs: page:0, size:9, searchBy:null, searchedValue:null, match:null
2023-01-22 22:19:02 [http-nio-8080-exec-3] INFO  : [SongsController] -> GET, getSongById, songId:88
2023-01-22 22:19:02 [http-nio-8080-exec-8] INFO  : [SongsController] -> GET, getSongById, songId:95
2023-01-22 22:19:02 [http-nio-8080-exec-7] INFO  : [SongsController] -> GET, getSongById, songId:91
2023-01-22 22:19:05 [http-nio-8080-exec-9] INFO  : [SongsController] -> GET, getAllSongs: page:0, size:9, searchBy:null, searchedValue:null, match:null
2023-01-22 22:19:05 [http-nio-8080-exec-5] INFO  : [SongsController] -> GET, getSongById, songId:88
2023-01-22 22:19:05 [http-nio-8080-exec-10] INFO  : [SongsController] -> GET, getSongById, songId:91
2023-01-22 22:19:05 [http-nio-8080-exec-4] INFO  : [SongsController] -> GET, getSongById, songId:95
2023-01-22 22:19:29 [http-nio-8080-exec-2] INFO  : [SongsController] -> GET, getAllSongs: page:0, size:9, searchBy:null, searchedValue:null, match:null
2023-01-22 22:19:29 [http-nio-8080-exec-1] INFO  : [SongsController] -> GET, getSongById, songId:88
2023-01-22 22:19:29 [http-nio-8080-exec-3] INFO  : [SongsController] -> GET, getSongById, songId:95
2023-01-22 22:19:29 [http-nio-8080-exec-6] INFO  : [SongsController] -> GET, getSongById, songId:91
2023-01-22 22:19:30 [http-nio-8080-exec-7] INFO  : [SongsController] -> GET, getAllSongs: page:0, size:9, searchBy:null, searchedValue:null, match:null
2023-01-22 22:19:30 [http-nio-8080-exec-8] INFO  : [SongsController] -> GET, getSongById, songId:88
2023-01-22 22:19:30 [http-nio-8080-exec-9] INFO  : [SongsController] -> GET, getSongById, songId:91
2023-01-22 22:19:30 [http-nio-8080-exec-5] INFO  : [SongsController] -> GET, getSongById, songId:95
2023-01-22 22:19:35 [http-nio-8080-exec-10] INFO  : [SongsController] -> GET, getAllSongs: page:0, size:9, searchBy:null, searchedValue:null, match:null
2023-01-22 22:19:35 [http-nio-8080-exec-4] INFO  : [SongsController] -> GET, getSongById, songId:88
2023-01-22 22:19:35 [http-nio-8080-exec-2] INFO  : [SongsController] -> GET, getSongById, songId:91
2023-01-22 22:19:35 [http-nio-8080-exec-1] INFO  : [SongsController] -> GET, getSongById, songId:95
2023-01-22 22:19:38 [http-nio-8080-exec-3] INFO  : [SongsController] -> GET, getAllSongs: page:0, size:9, searchBy:null, searchedValue:null, match:null
2023-01-22 22:19:38 [http-nio-8080-exec-7] INFO  : [SongsController] -> GET, getSongById, songId:91
2023-01-22 22:19:38 [http-nio-8080-exec-6] INFO  : [SongsController] -> GET, getSongById, songId:88
2023-01-22 22:19:38 [http-nio-8080-exec-8] INFO  : [SongsController] -> GET, getSongById, songId:95
2023-01-22 22:19:47 [http-nio-8080-exec-9] INFO  : [SongsController] -> GET, getAllSongs: page:0, size:9, searchBy:null, searchedValue:null, match:null
2023-01-22 22:19:47 [http-nio-8080-exec-5] INFO  : [SongsController] -> GET, getSongById, songId:88
2023-01-22 22:19:47 [http-nio-8080-exec-10] INFO  : [SongsController] -> GET, getSongById, songId:91
2023-01-22 22:19:47 [http-nio-8080-exec-4] INFO  : [SongsController] -> GET, getSongById, songId:95
2023-01-22 22:20:07 [http-nio-8080-exec-2] INFO  : [SongsController] -> GET, getAllSongs: page:0, size:9, searchBy:null, searchedValue:null, match:null
2023-01-22 22:20:07 [http-nio-8080-exec-1] INFO  : [SongsController] -> GET, getSongById, songId:88
2023-01-22 22:20:07 [http-nio-8080-exec-3] INFO  : [SongsController] -> GET, getSongById, songId:95
2023-01-22 22:20:07 [http-nio-8080-exec-7] INFO  : [SongsController] -> GET, getSongById, songId:91
2023-01-22 22:20:10 [http-nio-8080-exec-8] INFO  : [SongsController] -> GET, getAllSongs: page:0, size:9, searchBy:null, searchedValue:null, match:null
2023-01-22 22:20:10 [http-nio-8080-exec-6] INFO  : [SongsController] -> GET, getSongById, songId:88
2023-01-22 22:20:10 [http-nio-8080-exec-9] INFO  : [SongsController] -> GET, getSongById, songId:91
2023-01-22 22:20:10 [http-nio-8080-exec-5] INFO  : [SongsController] -> GET, getSongById, songId:95
2023-01-22 22:20:26 [http-nio-8080-exec-10] INFO  : [SongsController] -> GET, getAllSongs: page:0, size:9, searchBy:null, searchedValue:null, match:null
2023-01-22 22:20:26 [http-nio-8080-exec-4] INFO  : [SongsController] -> GET, getSongById, songId:88
2023-01-22 22:20:26 [http-nio-8080-exec-2] INFO  : [SongsController] -> GET, getSongById, songId:91
2023-01-22 22:20:26 [http-nio-8080-exec-1] INFO  : [SongsController] -> GET, getSongById, songId:95
2023-01-22 22:20:29 [http-nio-8080-exec-7] INFO  : [SongsController] -> GET, getAllSongs: page:0, size:9, searchBy:null, searchedValue:null, match:null
2023-01-22 22:20:29 [http-nio-8080-exec-3] INFO  : [SongsController] -> GET, getSongById, songId:88
2023-01-22 22:20:29 [http-nio-8080-exec-8] INFO  : [SongsController] -> GET, getSongById, songId:91
2023-01-22 22:20:29 [http-nio-8080-exec-9] INFO  : [SongsController] -> GET, getSongById, songId:95
2023-01-22 22:20:46 [http-nio-8080-exec-5] INFO  : [SongsController] -> GET, getAllSongs: page:0, size:9, searchBy:null, searchedValue:null, match:null
2023-01-22 22:20:46 [http-nio-8080-exec-6] INFO  : [SongsController] -> GET, getSongById, songId:88
2023-01-22 22:20:46 [http-nio-8080-exec-10] INFO  : [SongsController] -> GET, getSongById, songId:88
2023-01-22 22:20:46 [http-nio-8080-exec-2] INFO  : [SongsController] -> GET, getSongById, songId:91
2023-01-22 22:20:46 [http-nio-8080-exec-4] INFO  : [SongsController] -> GET, getSongById, songId:91
2023-01-22 22:20:46 [http-nio-8080-exec-1] INFO  : [SongsController] -> GET, getSongById, songId:95
2023-01-22 22:20:46 [http-nio-8080-exec-7] INFO  : [SongsController] -> GET, getSongById, songId:95
2023-01-22 22:20:49 [http-nio-8080-exec-3] INFO  : [SongsController] -> GET, getAllSongs: page:0, size:9, searchBy:null, searchedValue:null, match:null
2023-01-22 22:20:49 [http-nio-8080-exec-8] INFO  : [SongsController] -> GET, getSongById, songId:88
2023-01-22 22:20:49 [http-nio-8080-exec-5] INFO  : [SongsController] -> GET, getSongById, songId:88
2023-01-22 22:20:49 [http-nio-8080-exec-10] INFO  : [SongsController] -> GET, getSongById, songId:91
2023-01-22 22:20:49 [http-nio-8080-exec-9] INFO  : [SongsController] -> GET, getSongById, songId:91
2023-01-22 22:20:49 [http-nio-8080-exec-2] INFO  : [SongsController] -> GET, getSongById, songId:95
2023-01-22 22:20:49 [http-nio-8080-exec-6] INFO  : [SongsController] -> GET, getSongById, songId:95
2023-01-22 22:20:51 [http-nio-8080-exec-4] INFO  : [SongsController] -> GET, getAllSongs: page:0, size:9, searchBy:null, searchedValue:null, match:null
2023-01-22 22:20:51 [http-nio-8080-exec-1] INFO  : [SongsController] -> GET, getSongById, songId:88
2023-01-22 22:20:51 [http-nio-8080-exec-7] INFO  : [SongsController] -> GET, getSongById, songId:91
2023-01-22 22:20:51 [http-nio-8080-exec-5] INFO  : [SongsController] -> GET, getSongById, songId:95
2023-01-22 22:20:51 [http-nio-8080-exec-10] INFO  : [SongsController] -> GET, getSongById, songId:95
2023-01-22 22:20:51 [http-nio-8080-exec-8] INFO  : [SongsController] -> GET, getSongById, songId:88
2023-01-22 22:20:51 [http-nio-8080-exec-3] INFO  : [SongsController] -> GET, getSongById, songId:91
2023-01-22 22:21:01 [http-nio-8080-exec-2] INFO  : [SongsController] -> GET, getAllSongs: page:0, size:9, searchBy:null, searchedValue:null, match:null
2023-01-22 22:21:02 [http-nio-8080-exec-6] INFO  : [SongsController] -> GET, getSongById, songId:88
2023-01-22 22:21:02 [http-nio-8080-exec-9] INFO  : [SongsController] -> GET, getSongById, songId:88
2023-01-22 22:21:02 [http-nio-8080-exec-4] INFO  : [SongsController] -> GET, getSongById, songId:91
2023-01-22 22:21:02 [http-nio-8080-exec-8] INFO  : [SongsController] -> GET, getSongById, songId:91
2023-01-22 22:21:02 [http-nio-8080-exec-7] INFO  : [SongsController] -> GET, getSongById, songId:95
2023-01-22 22:21:02 [http-nio-8080-exec-5] INFO  : [SongsController] -> GET, getSongById, songId:95
2023-01-22 22:21:03 [http-nio-8080-exec-1] INFO  : [SongsController] -> GET, getAllSongs: page:0, size:9, searchBy:null, searchedValue:null, match:null
2023-01-22 22:21:03 [http-nio-8080-exec-3] INFO  : [SongsController] -> GET, getSongById, songId:88
2023-01-22 22:21:03 [http-nio-8080-exec-10] INFO  : [SongsController] -> GET, getSongById, songId:88
2023-01-22 22:21:03 [http-nio-8080-exec-9] INFO  : [SongsController] -> GET, getSongById, songId:91
2023-01-22 22:21:03 [http-nio-8080-exec-4] INFO  : [SongsController] -> GET, getSongById, songId:95
2023-01-22 22:21:03 [http-nio-8080-exec-2] INFO  : [SongsController] -> GET, getSongById, songId:91
2023-01-22 22:21:03 [http-nio-8080-exec-6] INFO  : [SongsController] -> GET, getSongById, songId:95
2023-01-22 22:21:06 [http-nio-8080-exec-5] INFO  : [SongsController] -> GET, getAllSongs: page:0, size:9, searchBy:null, searchedValue:null, match:null
2023-01-22 22:21:06 [http-nio-8080-exec-7] INFO  : [SongsController] -> GET, getSongById, songId:88
2023-01-22 22:21:06 [http-nio-8080-exec-8] INFO  : [SongsController] -> GET, getSongById, songId:91
2023-01-22 22:21:06 [http-nio-8080-exec-3] INFO  : [SongsController] -> GET, getSongById, songId:91
2023-01-22 22:21:06 [http-nio-8080-exec-10] INFO  : [SongsController] -> GET, getSongById, songId:95
2023-01-22 22:21:06 [http-nio-8080-exec-1] INFO  : [SongsController] -> GET, getSongById, songId:88
2023-01-22 22:21:06 [http-nio-8080-exec-4] INFO  : [SongsController] -> GET, getSongById, songId:95
2023-01-22 22:21:09 [http-nio-8080-exec-6] INFO  : [SongsController] -> GET, getAllSongs: page:0, size:9, searchBy:null, searchedValue:null, match:null
2023-01-22 22:21:09 [http-nio-8080-exec-2] INFO  : [SongsController] -> GET, getSongById, songId:88
2023-01-22 22:21:09 [http-nio-8080-exec-9] INFO  : [SongsController] -> GET, getSongById, songId:88
2023-01-22 22:21:09 [http-nio-8080-exec-5] INFO  : [SongsController] -> GET, getSongById, songId:91
2023-01-22 22:21:09 [http-nio-8080-exec-8] INFO  : [SongsController] -> GET, getSongById, songId:91
2023-01-22 22:21:09 [http-nio-8080-exec-1] INFO  : [SongsController] -> GET, getSongById, songId:95
2023-01-22 22:21:09 [http-nio-8080-exec-3] INFO  : [SongsController] -> GET, getSongById, songId:95
2023-01-22 22:21:23 [http-nio-8080-exec-4] INFO  : [SongsController] -> GET, getAllSongs: page:0, size:9, searchBy:null, searchedValue:null, match:null
2023-01-22 22:21:23 [http-nio-8080-exec-10] INFO  : [SongsController] -> GET, getSongById, songId:88
2023-01-22 22:21:23 [http-nio-8080-exec-6] INFO  : [SongsController] -> GET, getSongById, songId:91
2023-01-22 22:21:23 [http-nio-8080-exec-7] INFO  : [SongsController] -> GET, getSongById, songId:88
2023-01-22 22:21:23 [http-nio-8080-exec-9] INFO  : [SongsController] -> GET, getSongById, songId:91
2023-01-22 22:21:23 [http-nio-8080-exec-5] INFO  : [SongsController] -> GET, getSongById, songId:95
2023-01-22 22:21:23 [http-nio-8080-exec-2] INFO  : [SongsController] -> GET, getSongById, songId:95
2023-01-22 22:21:23 [http-nio-8080-exec-8] INFO  : [SongsController] -> GET, getAllSongs: page:0, size:9, searchBy:null, searchedValue:null, match:null
2023-01-22 22:21:23 [http-nio-8080-exec-1] INFO  : [SongsController] -> GET, getSongById, songId:88
2023-01-22 22:21:23 [http-nio-8080-exec-3] INFO  : [SongsController] -> GET, getSongById, songId:88
2023-01-22 22:21:23 [http-nio-8080-exec-4] INFO  : [SongsController] -> GET, getSongById, songId:91
2023-01-22 22:21:23 [http-nio-8080-exec-5] INFO  : [SongsController] -> GET, getSongById, songId:91
2023-01-22 22:21:23 [http-nio-8080-exec-6] INFO  : [SongsController] -> GET, getSongById, songId:95
2023-01-22 22:21:23 [http-nio-8080-exec-2] INFO  : [SongsController] -> GET, getSongById, songId:95
2023-01-22 22:21:47 [http-nio-8080-exec-9] INFO  : [SongsController] -> GET, getAllSongs: page:0, size:9, searchBy:null, searchedValue:null, match:null
2023-01-22 22:21:47 [http-nio-8080-exec-10] INFO  : [SongsController] -> GET, getAllSongs: page:0, size:9, searchBy:null, searchedValue:null, match:null
2023-01-22 22:21:47 [http-nio-8080-exec-7] INFO  : [SongsController] -> GET, getSongById, songId:88
2023-01-22 22:21:47 [http-nio-8080-exec-6] INFO  : [SongsController] -> GET, getSongById, songId:91
2023-01-22 22:21:47 [http-nio-8080-exec-8] INFO  : [SongsController] -> GET, getSongById, songId:88
2023-01-22 22:21:47 [http-nio-8080-exec-2] INFO  : [SongsController] -> GET, getSongById, songId:95
2023-01-22 22:21:47 [http-nio-8080-exec-4] INFO  : [SongsController] -> GET, getSongById, songId:95
2023-01-22 22:21:47 [http-nio-8080-exec-5] INFO  : [SongsController] -> GET, getSongById, songId:91
2023-01-22 22:21:50 [http-nio-8080-exec-1] INFO  : [SongsController] -> GET, getAllSongs: page:0, size:9, searchBy:null, searchedValue:null, match:null
2023-01-22 22:21:50 [http-nio-8080-exec-3] INFO  : [SongsController] -> GET, getSongById, songId:88
2023-01-22 22:21:50 [http-nio-8080-exec-4] INFO  : [SongsController] -> GET, getSongById, songId:88
2023-01-22 22:21:50 [http-nio-8080-exec-10] INFO  : [SongsController] -> GET, getSongById, songId:91
2023-01-22 22:21:50 [http-nio-8080-exec-9] INFO  : [SongsController] -> GET, getSongById, songId:91
2023-01-22 22:21:50 [http-nio-8080-exec-2] INFO  : [SongsController] -> GET, getSongById, songId:95
2023-01-22 22:21:50 [http-nio-8080-exec-10] INFO  : [SongsController] -> GET, getSongById, songId:95
2023-01-22 22:22:03 [http-nio-8080-exec-6] INFO  : [SongsController] -> GET, getAllSongs: page:0, size:9, searchBy:null, searchedValue:null, match:null
2023-01-22 22:22:03 [http-nio-8080-exec-8] INFO  : [SongsController] -> GET, getSongById, songId:88
2023-01-22 22:22:03 [http-nio-8080-exec-5] INFO  : [SongsController] -> GET, getSongById, songId:88
2023-01-22 22:22:03 [http-nio-8080-exec-1] INFO  : [SongsController] -> GET, getSongById, songId:91
2023-01-22 22:22:03 [http-nio-8080-exec-7] INFO  : [SongsController] -> GET, getSongById, songId:91
2023-01-22 22:22:03 [http-nio-8080-exec-2] INFO  : [SongsController] -> GET, getSongById, songId:95
2023-01-22 22:22:03 [http-nio-8080-exec-4] INFO  : [SongsController] -> GET, getSongById, songId:95
2023-01-22 22:22:09 [http-nio-8080-exec-9] INFO  : [SongsController] -> GET, getAllSongs: page:0, size:9, searchBy:null, searchedValue:null, match:null
2023-01-22 22:22:09 [http-nio-8080-exec-3] INFO  : [SongsController] -> GET, getSongById, songId:88
2023-01-22 22:22:09 [http-nio-8080-exec-10] INFO  : [SongsController] -> GET, getSongById, songId:88
2023-01-22 22:22:09 [http-nio-8080-exec-6] INFO  : [SongsController] -> GET, getSongById, songId:91
2023-01-22 22:22:09 [http-nio-8080-exec-8] INFO  : [SongsController] -> GET, getSongById, songId:91
2023-01-22 22:22:09 [http-nio-8080-exec-2] INFO  : [SongsController] -> GET, getSongById, songId:95
2023-01-22 22:22:09 [http-nio-8080-exec-5] INFO  : [SongsController] -> GET, getSongById, songId:95
2023-01-22 22:22:16 [http-nio-8080-exec-1] INFO  : [SongsController] -> GET, getAllSongs: page:0, size:9, searchBy:null, searchedValue:null, match:null
2023-01-22 22:22:16 [http-nio-8080-exec-7] INFO  : [SongsController] -> GET, getSongById, songId:88
2023-01-22 22:22:16 [http-nio-8080-exec-9] INFO  : [SongsController] -> GET, getSongById, songId:88
2023-01-22 22:22:16 [http-nio-8080-exec-4] INFO  : [SongsController] -> GET, getSongById, songId:91
2023-01-22 22:22:16 [http-nio-8080-exec-10] INFO  : [SongsController] -> GET, getSongById, songId:91
2023-01-22 22:22:16 [http-nio-8080-exec-6] INFO  : [SongsController] -> GET, getSongById, songId:95
2023-01-22 22:22:16 [http-nio-8080-exec-3] INFO  : [SongsController] -> GET, getSongById, songId:95
2023-01-22 22:22:16 [http-nio-8080-exec-8] INFO  : [SongsController] -> GET, getAllSongs: page:0, size:9, searchBy:null, searchedValue:null, match:null
2023-01-22 22:22:16 [http-nio-8080-exec-2] INFO  : [SongsController] -> GET, getSongById, songId:88
2023-01-22 22:22:16 [http-nio-8080-exec-5] INFO  : [SongsController] -> GET, getSongById, songId:88
2023-01-22 22:22:16 [http-nio-8080-exec-1] INFO  : [SongsController] -> GET, getSongById, songId:91
2023-01-22 22:22:16 [http-nio-8080-exec-7] INFO  : [SongsController] -> GET, getSongById, songId:91
2023-01-22 22:22:16 [http-nio-8080-exec-4] INFO  : [SongsController] -> GET, getSongById, songId:95
2023-01-22 22:22:16 [http-nio-8080-exec-9] INFO  : [SongsController] -> GET, getSongById, songId:95
2023-01-22 22:22:25 [http-nio-8080-exec-10] INFO  : [SongsController] -> GET, getAllSongs: page:0, size:9, searchBy:null, searchedValue:null, match:null
2023-01-22 22:22:25 [http-nio-8080-exec-6] INFO  : [SongsController] -> GET, getSongById, songId:88
2023-01-22 22:22:25 [http-nio-8080-exec-3] INFO  : [SongsController] -> GET, getSongById, songId:91
2023-01-22 22:22:25 [http-nio-8080-exec-1] INFO  : [SongsController] -> GET, getSongById, songId:88
2023-01-22 22:22:25 [http-nio-8080-exec-8] INFO  : [SongsController] -> GET, getSongById, songId:91
2023-01-22 22:22:25 [http-nio-8080-exec-5] INFO  : [SongsController] -> GET, getSongById, songId:95
2023-01-22 22:22:25 [http-nio-8080-exec-7] INFO  : [SongsController] -> GET, getSongById, songId:95
2023-01-22 22:22:42 [http-nio-8080-exec-2] INFO  : [SongsController] -> GET, getAllSongs: page:0, size:9, searchBy:null, searchedValue:null, match:null
2023-01-22 22:22:42 [http-nio-8080-exec-9] INFO  : [SongsController] -> GET, getAllSongs: page:0, size:9, searchBy:null, searchedValue:null, match:null
2023-01-22 22:22:42 [http-nio-8080-exec-4] INFO  : [SongsController] -> GET, getSongById, songId:88
2023-01-22 22:22:42 [http-nio-8080-exec-10] INFO  : [SongsController] -> GET, getSongById, songId:88
2023-01-22 22:22:42 [http-nio-8080-exec-1] INFO  : [SongsController] -> GET, getSongById, songId:91
2023-01-22 22:22:42 [http-nio-8080-exec-7] INFO  : [SongsController] -> GET, getSongById, songId:91
2023-01-22 22:22:42 [http-nio-8080-exec-8] INFO  : [SongsController] -> GET, getSongById, songId:95
2023-01-22 22:22:42 [http-nio-8080-exec-6] INFO  : [SongsController] -> GET, getSongById, songId:95
2023-01-22 22:22:46 [http-nio-8080-exec-5] INFO  : [SongsController] -> GET, getAllSongs: page:0, size:9, searchBy:null, searchedValue:null, match:null
2023-01-22 22:22:46 [http-nio-8080-exec-3] INFO  : [SongsController] -> GET, getSongById, songId:88
2023-01-22 22:22:46 [http-nio-8080-exec-2] INFO  : [SongsController] -> GET, getSongById, songId:91
2023-01-22 22:22:46 [http-nio-8080-exec-9] INFO  : [SongsController] -> GET, getSongById, songId:95
2023-01-22 22:22:52 [http-nio-8080-exec-4] INFO  : [SongsController] -> GET, getAllSongs: page:0, size:9, searchBy:null, searchedValue:null, match:null
2023-01-22 22:22:52 [http-nio-8080-exec-10] INFO  : [SongsController] -> GET, getSongById, songId:88
2023-01-22 22:22:52 [http-nio-8080-exec-7] INFO  : [SongsController] -> GET, getSongById, songId:95
2023-01-22 22:22:52 [http-nio-8080-exec-8] INFO  : [SongsController] -> GET, getSongById, songId:91
2023-01-22 22:22:58 [http-nio-8080-exec-1] INFO  : [SongsController] -> GET, getAllSongs: page:1, size:9, searchBy:null, searchedValue:null, match:null
2023-01-22 22:22:58 [http-nio-8080-exec-6] INFO  : [SongsController] -> GET, getSongById, songId:88
2023-01-22 22:23:00 [http-nio-8080-exec-5] INFO  : [SongsController] -> GET, getAllSongs: page:0, size:9, searchBy:null, searchedValue:null, match:null
2023-01-22 22:23:00 [http-nio-8080-exec-3] INFO  : [SongsController] -> GET, getSongById, songId:88
2023-01-22 22:23:00 [http-nio-8080-exec-2] INFO  : [SongsController] -> GET, getSongById, songId:91
2023-01-22 22:23:00 [http-nio-8080-exec-9] INFO  : [SongsController] -> GET, getSongById, songId:95
2023-01-22 22:23:01 [http-nio-8080-exec-4] INFO  : [SongsController] -> GET, getAllSongs: page:1, size:9, searchBy:null, searchedValue:null, match:null
2023-01-22 22:23:01 [http-nio-8080-exec-10] INFO  : [SongsController] -> GET, getSongById, songId:88
2023-01-22 22:23:02 [http-nio-8080-exec-7] INFO  : [SongsController] -> GET, getAllSongs: page:0, size:9, searchBy:null, searchedValue:null, match:null
2023-01-22 22:23:02 [http-nio-8080-exec-8] INFO  : [SongsController] -> GET, getSongById, songId:88
2023-01-22 22:23:02 [http-nio-8080-exec-1] INFO  : [SongsController] -> GET, getSongById, songId:91
2023-01-22 22:23:02 [http-nio-8080-exec-6] INFO  : [SongsController] -> GET, getSongById, songId:95
2023-01-22 22:23:13 [http-nio-8080-exec-5] INFO  : [SongsController] -> GET, getAllSongs: page:0, size:9, searchBy:null, searchedValue:null, match:null
2023-01-22 22:23:13 [http-nio-8080-exec-2] INFO  : [SongsController] -> GET, getSongById, songId:91
2023-01-22 22:23:13 [http-nio-8080-exec-3] INFO  : [SongsController] -> GET, getSongById, songId:88
2023-01-22 22:23:13 [http-nio-8080-exec-9] INFO  : [SongsController] -> GET, getSongById, songId:95
2023-01-22 22:23:17 [http-nio-8080-exec-4] INFO  : [SongsController] -> GET, getAllSongs: page:1, size:9, searchBy:null, searchedValue:null, match:null
2023-01-22 22:23:17 [http-nio-8080-exec-10] INFO  : [SongsController] -> GET, getSongById, songId:88
2023-01-22 22:23:18 [http-nio-8080-exec-7] INFO  : [SongsController] -> GET, getAllSongs: page:0, size:9, searchBy:null, searchedValue:null, match:null
2023-01-22 22:23:18 [http-nio-8080-exec-6] INFO  : [SongsController] -> GET, getSongById, songId:88
2023-01-22 22:23:18 [http-nio-8080-exec-8] INFO  : [SongsController] -> GET, getSongById, songId:91
2023-01-22 22:23:18 [http-nio-8080-exec-1] INFO  : [SongsController] -> GET, getSongById, songId:95
2023-01-22 22:23:21 [http-nio-8080-exec-5] INFO  : [SongsController] -> GET, getAllSongs: page:1, size:9, searchBy:null, searchedValue:null, match:null
2023-01-22 22:23:21 [http-nio-8080-exec-3] INFO  : [SongsController] -> GET, getSongById, songId:88
2023-01-22 22:23:22 [http-nio-8080-exec-2] INFO  : [SongsController] -> GET, getAllSongs: page:0, size:9, searchBy:null, searchedValue:null, match:null
2023-01-22 22:23:22 [http-nio-8080-exec-9] INFO  : [SongsController] -> GET, getSongById, songId:88
2023-01-22 22:23:22 [http-nio-8080-exec-4] INFO  : [SongsController] -> GET, getSongById, songId:91
2023-01-22 22:23:22 [http-nio-8080-exec-10] INFO  : [SongsController] -> GET, getSongById, songId:95
2023-01-22 22:23:27 [http-nio-8080-exec-1] INFO  : [SongsController] -> GET, getAllSongs: page:1, size:9, searchBy:null, searchedValue:null, match:null
2023-01-22 22:23:27 [http-nio-8080-exec-8] INFO  : [SongsController] -> GET, getSongById, songId:88
2023-01-22 22:23:52 [http-nio-8080-exec-5] INFO  : [SongsController] -> GET, getAllSongs: page:0, size:9, searchBy:null, searchedValue:null, match:null
2023-01-22 22:23:53 [http-nio-8080-exec-3] INFO  : [SongsController] -> GET, getSongById, songId:88
2023-01-22 22:23:53 [http-nio-8080-exec-2] INFO  : [SongsController] -> GET, getSongById, songId:91
2023-01-22 22:23:53 [http-nio-8080-exec-9] INFO  : [SongsController] -> GET, getSongById, songId:95
2023-01-22 22:23:56 [http-nio-8080-exec-4] INFO  : [SongsController] -> GET, getAllSongs: page:0, size:9, searchBy:null, searchedValue:null, match:null
2023-01-22 22:23:56 [http-nio-8080-exec-10] INFO  : [SongsController] -> GET, getSongById, songId:88
2023-01-22 22:23:56 [http-nio-8080-exec-6] INFO  : [SongsController] -> GET, getSongById, songId:91
2023-01-22 22:23:56 [http-nio-8080-exec-7] INFO  : [SongsController] -> GET, getSongById, songId:95
2023-01-22 22:24:27 [http-nio-8080-exec-1] INFO  : [SongsController] -> GET, getAllSongs: page:0, size:9, searchBy:null, searchedValue:null, match:null
2023-01-22 22:24:27 [http-nio-8080-exec-5] INFO  : [SongsController] -> GET, getSongById, songId:91
2023-01-22 22:24:27 [http-nio-8080-exec-9] INFO  : [SongsController] -> GET, getSongById, songId:95
2023-01-22 22:24:27 [http-nio-8080-exec-8] INFO  : [SongsController] -> GET, getSongById, songId:88
2023-01-22 22:24:37 [http-nio-8080-exec-2] INFO  : [SongsController] -> GET, getAllSongs: page:0, size:9, searchBy:null, searchedValue:null, match:null
2023-01-22 22:24:37 [http-nio-8080-exec-4] INFO  : [SongsController] -> GET, getSongById, songId:91
2023-01-22 22:24:37 [http-nio-8080-exec-3] INFO  : [SongsController] -> GET, getSongById, songId:88
2023-01-22 22:24:37 [http-nio-8080-exec-6] INFO  : [SongsController] -> GET, getSongById, songId:95
2023-01-22 22:24:39 [http-nio-8080-exec-7] INFO  : [SongsController] -> GET, getAllSongs: page:0, size:9, searchBy:null, searchedValue:null, match:null
2023-01-22 22:24:39 [http-nio-8080-exec-1] INFO  : [SongsController] -> GET, getSongById, songId:91
2023-01-22 22:24:39 [http-nio-8080-exec-10] INFO  : [SongsController] -> GET, getSongById, songId:88
2023-01-22 22:24:39 [http-nio-8080-exec-8] INFO  : [SongsController] -> GET, getSongById, songId:95
2023-01-22 22:24:41 [http-nio-8080-exec-9] INFO  : [SongsController] -> GET, getAllSongs: page:0, size:9, searchBy:null, searchedValue:null, match:null
2023-01-22 22:24:41 [http-nio-8080-exec-5] INFO  : [SongsController] -> GET, getSongById, songId:88
2023-01-22 22:24:41 [http-nio-8080-exec-2] INFO  : [SongsController] -> GET, getSongById, songId:91
2023-01-22 22:24:41 [http-nio-8080-exec-6] INFO  : [SongsController] -> GET, getSongById, songId:95
2023-01-22 22:24:47 [http-nio-8080-exec-3] INFO  : [SongsController] -> GET, getAllSongs: page:0, size:9, searchBy:null, searchedValue:null, match:null
2023-01-22 22:24:47 [http-nio-8080-exec-4] INFO  : [SongsController] -> GET, getSongById, songId:88
2023-01-22 22:24:47 [http-nio-8080-exec-7] INFO  : [SongsController] -> GET, getSongById, songId:91
2023-01-22 22:24:47 [http-nio-8080-exec-8] INFO  : [SongsController] -> GET, getSongById, songId:95
2023-01-22 22:24:49 [http-nio-8080-exec-10] INFO  : [SongsController] -> GET, getAllSongs: page:0, size:9, searchBy:null, searchedValue:null, match:null
2023-01-22 22:24:49 [http-nio-8080-exec-1] INFO  : [SongsController] -> GET, getSongById, songId:88
2023-01-22 22:24:49 [http-nio-8080-exec-9] INFO  : [SongsController] -> GET, getSongById, songId:91
2023-01-22 22:24:49 [http-nio-8080-exec-5] INFO  : [SongsController] -> GET, getSongById, songId:95
2023-01-22 22:25:01 [http-nio-8080-exec-2] INFO  : [SongsController] -> GET, getAllSongs: page:0, size:9, searchBy:null, searchedValue:null, match:null
2023-01-22 22:25:02 [http-nio-8080-exec-6] INFO  : [SongsController] -> GET, getSongById, songId:88
2023-01-22 22:25:02 [http-nio-8080-exec-3] INFO  : [SongsController] -> GET, getSongById, songId:91
2023-01-22 22:25:02 [http-nio-8080-exec-4] INFO  : [SongsController] -> GET, getSongById, songId:95
2023-01-22 22:25:35 [http-nio-8080-exec-7] INFO  : [SongsController] -> GET, getAllSongs: page:0, size:9, searchBy:title, searchedValue:Nig, match:null
2023-01-22 22:25:35 [http-nio-8080-exec-7] INFO  : [FilterValidator] -> validate query params values 
2023-01-22 22:25:42 [http-nio-8080-exec-1] INFO  : [SongsController] -> GET, getAllSongs: page:0, size:9, searchBy:null, searchedValue:null, match:null
2023-01-22 22:25:42 [http-nio-8080-exec-9] INFO  : [SongsController] -> GET, getSongById, songId:88
2023-01-22 22:25:42 [http-nio-8080-exec-5] INFO  : [SongsController] -> GET, getSongById, songId:91
2023-01-22 22:25:42 [http-nio-8080-exec-2] INFO  : [SongsController] -> GET, getSongById, songId:95
2023-01-22 22:26:07 [http-nio-8080-exec-6] INFO  : [SongsController] -> GET, getAllSongs: page:0, size:9, searchBy:null, searchedValue:null, match:null
2023-01-22 22:26:08 [http-nio-8080-exec-3] INFO  : [SongsController] -> GET, getSongById, songId:88
2023-01-22 22:26:08 [http-nio-8080-exec-4] INFO  : [SongsController] -> GET, getSongById, songId:91
2023-01-22 22:26:08 [http-nio-8080-exec-7] INFO  : [SongsController] -> GET, getSongById, songId:95
2023-01-22 22:26:28 [http-nio-8080-exec-10] INFO  : [SongsController] -> GET, getAllSongs: page:0, size:9, searchBy:null, searchedValue:null, match:null
2023-01-22 22:26:28 [http-nio-8080-exec-8] INFO  : [SongsController] -> GET, getSongById, songId:88
2023-01-22 22:26:28 [http-nio-8080-exec-1] INFO  : [SongsController] -> GET, getSongById, songId:91
2023-01-22 22:26:28 [http-nio-8080-exec-9] INFO  : [SongsController] -> GET, getSongById, songId:95
2023-01-22 22:26:41 [http-nio-8080-exec-5] INFO  : [SongsController] -> GET, getAllSongs: page:0, size:9, searchBy:null, searchedValue:null, match:null
2023-01-22 22:26:41 [http-nio-8080-exec-2] INFO  : [SongsController] -> GET, getSongById, songId:88
2023-01-22 22:26:41 [http-nio-8080-exec-6] INFO  : [SongsController] -> GET, getSongById, songId:91
2023-01-22 22:26:41 [http-nio-8080-exec-3] INFO  : [SongsController] -> GET, getSongById, songId:95
2023-01-22 22:26:44 [http-nio-8080-exec-4] INFO  : [SongsController] -> GET, getAllSongs: page:1, size:9, searchBy:null, searchedValue:null, match:null
2023-01-22 22:26:44 [http-nio-8080-exec-7] INFO  : [SongsController] -> GET, getSongById, songId:88
2023-01-22 22:26:45 [http-nio-8080-exec-10] INFO  : [SongsController] -> GET, getAllSongs: page:0, size:9, searchBy:null, searchedValue:null, match:null
2023-01-22 22:26:45 [http-nio-8080-exec-8] INFO  : [SongsController] -> GET, getSongById, songId:88
2023-01-22 22:26:45 [http-nio-8080-exec-1] INFO  : [SongsController] -> GET, getSongById, songId:91
2023-01-22 22:26:45 [http-nio-8080-exec-8] INFO  : [SongsController] -> GET, getSongById, songId:95
2023-01-22 22:26:49 [http-nio-8080-exec-5] INFO  : [SongsController] -> GET, getAllSongs: page:1, size:9, searchBy:null, searchedValue:null, match:null
2023-01-22 22:26:49 [http-nio-8080-exec-2] INFO  : [SongsController] -> GET, getSongById, songId:88
2023-01-22 22:26:50 [http-nio-8080-exec-3] INFO  : [SongsController] -> GET, getAllSongs: page:0, size:9, searchBy:null, searchedValue:null, match:null
2023-01-22 22:26:50 [http-nio-8080-exec-6] INFO  : [SongsController] -> GET, getSongById, songId:88
2023-01-22 22:26:50 [http-nio-8080-exec-4] INFO  : [SongsController] -> GET, getSongById, songId:91
2023-01-22 22:26:50 [http-nio-8080-exec-7] INFO  : [SongsController] -> GET, getSongById, songId:95
2023-01-22 22:27:17 [http-nio-8080-exec-10] INFO  : [SongsController] -> GET, getAllSongs: page:0, size:9, searchBy:null, searchedValue:null, match:null
2023-01-22 22:27:19 [http-nio-8080-exec-9] INFO  : [SongsController] -> GET, getAllSongs: page:0, size:9, searchBy:null, searchedValue:null, match:null
2023-01-22 22:27:27 [http-nio-8080-exec-1] INFO  : [SongsController] -> GET, getAllSongs: page:0, size:9, searchBy:null, searchedValue:null, match:null
2023-01-22 22:27:29 [http-nio-8080-exec-8] INFO  : [SongsController] -> GET, getAllSongs: page:0, size:9, searchBy:null, searchedValue:null, match:null
2023-01-22 22:27:32 [http-nio-8080-exec-5] INFO  : [SongsController] -> GET, getAllSongs: page:0, size:9, searchBy:null, searchedValue:null, match:null
2023-01-22 22:27:35 [http-nio-8080-exec-2] INFO  : [SongsController] -> GET, getAllSongs: page:0, size:9, searchBy:null, searchedValue:null, match:null
2023-01-22 22:27:37 [http-nio-8080-exec-3] INFO  : [SongsController] -> GET, getAllSongs: page:0, size:9, searchBy:null, searchedValue:null, match:null
2023-01-22 22:27:40 [http-nio-8080-exec-4] INFO  : [SongsController] -> GET, getAllSongs: page:0, size:9, searchBy:null, searchedValue:null, match:null
2023-01-22 22:27:54 [http-nio-8080-exec-10] INFO  : [SongsController] -> GET, getAllSongs: page:1, size:9, searchBy:null, searchedValue:null, match:null
2023-01-22 22:27:56 [http-nio-8080-exec-9] INFO  : [SongsController] -> GET, getAllSongs: page:0, size:9, searchBy:null, searchedValue:null, match:null
2023-01-22 22:28:01 [http-nio-8080-exec-1] INFO  : [SongsController] -> GET, getAllSongs: page:0, size:9, searchBy:null, searchedValue:null, match:null
2023-01-22 22:28:03 [http-nio-8080-exec-8] INFO  : [SongsController] -> GET, getAllSongs: page:0, size:9, searchBy:null, searchedValue:null, match:null
2023-01-22 22:28:19 [http-nio-8080-exec-5] INFO  : [ArtistsController] -> GET, getAllArtists: page:0, size:9, name:null, match:null
2023-01-22 22:28:29 [http-nio-8080-exec-2] INFO  : [SongsController] -> GET, getAllSongs: page:0, size:9, searchBy:null, searchedValue:null, match:null
2023-01-22 22:28:38 [http-nio-8080-exec-3] INFO  : [ArtistsController] -> GET, getAllArtists: page:0, size:9, name:null, match:null
2023-01-22 22:28:39 [http-nio-8080-exec-4] INFO  : [SongsController] -> GET, getAllSongs: page:0, size:9, searchBy:null, searchedValue:null, match:null
2023-01-22 22:28:43 [http-nio-8080-exec-7] INFO  : [SongsController] -> GET, getAllSongs: page:1, size:9, searchBy:null, searchedValue:null, match:null
2023-01-22 22:28:44 [http-nio-8080-exec-6] INFO  : [SongsController] -> GET, getAllSongs: page:0, size:9, searchBy:null, searchedValue:null, match:null
2023-01-22 22:28:46 [http-nio-8080-exec-10] INFO  : [ArtistsController] -> GET, getAllArtists: page:0, size:9, name:null, match:null
2023-01-22 22:29:07 [http-nio-8080-exec-9] INFO  : [SongsController] -> GET, getAllSongs: page:0, size:9, searchBy:null, searchedValue:null, match:null
2023-01-22 22:29:10 [http-nio-8080-exec-1] INFO  : [ArtistsController] -> GET, getAllArtists: page:0, size:9, name:null, match:null
2023-01-22 22:29:12 [http-nio-8080-exec-8] INFO  : [ArtistsController] -> GET, getAllArtists: page:0, size:9, name:null, match:null
2023-01-22 22:29:12 [http-nio-8080-exec-5] INFO  : [SongsController] -> GET, getAllSongs: page:0, size:9, searchBy:null, searchedValue:null, match:null
2023-01-22 22:29:17 [http-nio-8080-exec-2] INFO  : [SongsController] -> GET, getSongById, songId:89
2023-01-22 22:29:29 [http-nio-8080-exec-3] INFO  : [SongsController] -> GET, getSongById, songId:88
2023-01-22 22:29:30 [http-nio-8080-exec-4] INFO  : [SongsController] -> GET, getSongById, songId:89
2023-01-22 22:29:31 [http-nio-8080-exec-7] INFO  : [SongsController] -> GET, getSongById, songId:88
2023-01-22 22:29:31 [http-nio-8080-exec-6] INFO  : [SongsController] -> GET, getSongById, songId:89
2023-01-22 22:29:31 [http-nio-8080-exec-10] INFO  : [SongsController] -> GET, getSongById, songId:88
2023-01-22 22:29:32 [http-nio-8080-exec-9] INFO  : [SongsController] -> GET, getSongById, songId:89
2023-01-22 22:29:36 [http-nio-8080-exec-1] INFO  : [SongsController] -> GET, getAllSongs: page:0, size:9, searchBy:null, searchedValue:null, match:null
2023-01-22 22:29:46 [http-nio-8080-exec-8] INFO  : [SongsController] -> GET, getAllSongs: page:0, size:9, searchBy:null, searchedValue:null, match:null
2023-01-22 22:31:27 [http-nio-8080-exec-2] INFO  : [SongsController] -> GET, getAllSongs: page:0, size:9, searchBy:null, searchedValue:null, match:null
2023-01-22 22:31:30 [http-nio-8080-exec-3] INFO  : [SongsController] -> GET, getAllSongs: page:0, size:9, searchBy:null, searchedValue:null, match:null
2023-01-22 22:31:32 [http-nio-8080-exec-4] INFO  : [SongsController] -> GET, getAllSongs: page:0, size:9, searchBy:null, searchedValue:null, match:null
2023-01-22 22:31:40 [http-nio-8080-exec-7] INFO  : [SongsController] -> GET, getAllSongs: page:0, size:9, searchBy:null, searchedValue:null, match:null
2023-01-22 22:31:45 [http-nio-8080-exec-6] INFO  : [SongsController] -> GET, getAllSongs: page:0, size:9, searchBy:null, searchedValue:null, match:null
2023-01-22 22:31:47 [http-nio-8080-exec-10] INFO  : [SongsController] -> GET, getAllSongs: page:0, size:9, searchBy:null, searchedValue:null, match:null
2023-01-22 22:32:02 [http-nio-8080-exec-9] INFO  : [SongsController] -> GET, getAllSongs: page:0, size:9, searchBy:null, searchedValue:null, match:null
2023-01-22 22:32:06 [http-nio-8080-exec-1] INFO  : [SongsController] -> GET, getAllSongs: page:0, size:9, searchBy:null, searchedValue:null, match:null
2023-01-22 22:32:14 [http-nio-8080-exec-8] INFO  : [SongsController] -> GET, getAllSongs: page:0, size:9, searchBy:null, searchedValue:null, match:null
2023-01-22 22:32:45 [http-nio-8080-exec-5] INFO  : [SongsController] -> GET, getAllSongs: page:0, size:9, searchBy:null, searchedValue:null, match:null
2023-01-22 22:32:57 [http-nio-8080-exec-2] INFO  : [SongsController] -> GET, getAllSongs: page:0, size:9, searchBy:null, searchedValue:null, match:null
2023-01-22 22:33:41 [http-nio-8080-exec-3] INFO  : [SongsController] -> GET, getAllSongs: page:0, size:9, searchBy:null, searchedValue:null, match:null
2023-01-22 22:33:41 [http-nio-8080-exec-4] INFO  : [SongsController] -> GET, getAllSongs: page:0, size:9, searchBy:null, searchedValue:null, match:null
2023-01-22 22:33:44 [http-nio-8080-exec-7] INFO  : [SongsController] -> GET, getAllSongs: page:0, size:9, searchBy:null, searchedValue:null, match:null
2023-01-22 22:33:51 [http-nio-8080-exec-6] INFO  : [SongsController] -> GET, getAllSongs: page:0, size:9, searchBy:null, searchedValue:null, match:null
2023-01-22 22:33:56 [http-nio-8080-exec-10] INFO  : [SongsController] -> GET, getAllSongs: page:0, size:9, searchBy:null, searchedValue:null, match:null
2023-01-22 22:34:20 [http-nio-8080-exec-9] INFO  : [SongsController] -> GET, getAllSongs: page:0, size:9, searchBy:null, searchedValue:null, match:null
2023-01-22 22:34:23 [http-nio-8080-exec-1] INFO  : [SongsController] -> GET, getAllSongs: page:0, size:9, searchBy:null, searchedValue:null, match:null
2023-01-22 22:35:15 [http-nio-8080-exec-8] INFO  : [SongsController] -> GET, getAllSongs: page:0, size:9, searchBy:null, searchedValue:null, match:null
2023-01-22 22:36:21 [http-nio-8080-exec-2] INFO  : [SongsController] -> GET, getAllSongs: page:0, size:9, searchBy:null, searchedValue:null, match:null
2023-01-22 22:36:22 [http-nio-8080-exec-3] INFO  : [SongsController] -> GET, getAllSongs: page:0, size:9, searchBy:null, searchedValue:null, match:null
2023-01-22 22:36:25 [http-nio-8080-exec-4] INFO  : [SongsController] -> GET, getAllSongs: page:0, size:9, searchBy:null, searchedValue:null, match:null
2023-01-22 22:36:26 [http-nio-8080-exec-7] INFO  : [SongsController] -> GET, getAllSongs: page:0, size:9, searchBy:null, searchedValue:null, match:null
2023-01-22 22:44:05 [http-nio-8080-exec-10] INFO  : [SongsController] -> GET, getAllSongs: page:0, size:9, searchBy:null, searchedValue:null, match:null
2023-01-22 22:44:05 [http-nio-8080-exec-9] INFO  : [SongsController] -> GET, getAllSongs: page:0, size:9, searchBy:null, searchedValue:null, match:null
2023-01-22 22:44:05 [http-nio-8080-exec-1] INFO  : [SongsController] -> GET, getAllSongs: page:0, size:9, searchBy:null, searchedValue:null, match:null
2023-01-22 22:44:06 [http-nio-8080-exec-8] INFO  : [SongsController] -> GET, getAllSongs: page:0, size:9, searchBy:null, searchedValue:null, match:null
2023-01-22 22:44:06 [http-nio-8080-exec-5] INFO  : [SongsController] -> GET, getAllSongs: page:0, size:9, searchBy:null, searchedValue:null, match:null
2023-01-22 22:44:07 [http-nio-8080-exec-2] INFO  : [SongsController] -> GET, getAllSongs: page:0, size:9, searchBy:null, searchedValue:null, match:null
2023-01-22 22:44:07 [http-nio-8080-exec-3] INFO  : [SongsController] -> GET, getAllSongs: page:0, size:9, searchBy:null, searchedValue:null, match:null
2023-01-22 22:44:07 [http-nio-8080-exec-4] INFO  : [SongsController] -> GET, getAllSongs: page:0, size:9, searchBy:null, searchedValue:null, match:null
2023-01-22 22:44:07 [http-nio-8080-exec-7] INFO  : [SongsController] -> GET, getAllSongs: page:0, size:9, searchBy:null, searchedValue:null, match:null
2023-01-22 22:44:08 [http-nio-8080-exec-6] INFO  : [SongsController] -> GET, getAllSongs: page:0, size:9, searchBy:null, searchedValue:null, match:null
2023-01-22 22:44:08 [http-nio-8080-exec-10] INFO  : [SongsController] -> GET, getAllSongs: page:0, size:9, searchBy:null, searchedValue:null, match:null
2023-01-22 22:44:08 [http-nio-8080-exec-9] INFO  : [SongsController] -> GET, getAllSongs: page:0, size:9, searchBy:null, searchedValue:null, match:null
2023-01-22 22:44:08 [http-nio-8080-exec-1] INFO  : [SongsController] -> GET, getAllSongs: page:0, size:9, searchBy:null, searchedValue:null, match:null
2023-01-22 22:44:08 [http-nio-8080-exec-8] INFO  : [SongsController] -> GET, getAllSongs: page:0, size:9, searchBy:null, searchedValue:null, match:null
2023-01-22 22:44:08 [http-nio-8080-exec-5] INFO  : [SongsController] -> GET, getAllSongs: page:0, size:9, searchBy:null, searchedValue:null, match:null
2023-01-22 22:44:09 [http-nio-8080-exec-2] INFO  : [ArtistsController] -> GET, getAllArtists: page:0, size:9, name:null, match:null
2023-01-22 22:44:09 [http-nio-8080-exec-3] INFO  : [SongsController] -> GET, getAllSongs: page:0, size:9, searchBy:null, searchedValue:null, match:null
2023-01-22 22:44:09 [http-nio-8080-exec-4] INFO  : [SongsController] -> GET, getAllSongs: page:0, size:9, searchBy:null, searchedValue:null, match:null
2023-01-22 22:44:09 [http-nio-8080-exec-7] INFO  : [SongsController] -> GET, getAllSongs: page:0, size:9, searchBy:null, searchedValue:null, match:null
2023-01-22 22:44:09 [http-nio-8080-exec-6] INFO  : [SongsController] -> GET, getAllSongs: page:0, size:9, searchBy:null, searchedValue:null, match:null
2023-01-22 22:44:09 [http-nio-8080-exec-10] INFO  : [SongsController] -> GET, getAllSongs: page:0, size:9, searchBy:null, searchedValue:null, match:null
2023-01-22 22:44:10 [http-nio-8080-exec-9] INFO  : [SongsController] -> GET, getAllSongs: page:0, size:9, searchBy:null, searchedValue:null, match:null
2023-01-22 22:44:10 [http-nio-8080-exec-1] INFO  : [SongsController] -> GET, getAllSongs: page:0, size:9, searchBy:null, searchedValue:null, match:null
2023-01-22 22:44:13 [http-nio-8080-exec-8] INFO  : [ArtistsController] -> GET, getAllArtists: page:0, size:9, name:null, match:null
2023-01-22 22:44:15 [http-nio-8080-exec-5] INFO  : [SongsController] -> GET, getAllSongs: page:0, size:9, searchBy:null, searchedValue:null, match:null
2023-01-22 22:44:32 [http-nio-8080-exec-2] INFO  : [SongsController] -> GET, getAllSongs: page:0, size:9, searchBy:null, searchedValue:null, match:null
2023-01-22 22:44:43 [http-nio-8080-exec-3] INFO  : [SongsController] -> GET, getAllSongs: page:0, size:9, searchBy:null, searchedValue:null, match:null
2023-01-22 22:44:47 [http-nio-8080-exec-4] INFO  : [SongsController] -> GET, getAllSongs: page:1, size:9, searchBy:null, searchedValue:null, match:null
2023-01-22 22:44:49 [http-nio-8080-exec-7] INFO  : [ArtistsController] -> GET, getAllArtists: page:0, size:9, name:null, match:null
2023-01-22 22:44:59 [http-nio-8080-exec-6] INFO  : [SongsController] -> GET, getSongById, songId:89
2023-01-22 22:45:02 [http-nio-8080-exec-10] INFO  : [ArtistsController] -> GET, getAllArtists: page:0, size:9, name:null, match:null
2023-01-22 22:45:04 [http-nio-8080-exec-9] INFO  : [SongsController] -> GET, getSongById, songId:89
2023-01-22 22:45:07 [http-nio-8080-exec-1] INFO  : [SongsController] -> GET, getAllSongs: page:0, size:9, searchBy:null, searchedValue:null, match:null
2023-01-22 22:45:46 [http-nio-8080-exec-8] INFO  : [SongsController] -> GET, getAllSongs: page:0, size:9, searchBy:null, searchedValue:null, match:null
2023-01-22 22:45:47 [http-nio-8080-exec-5] INFO  : [SongsController] -> GET, getAllSongs: page:0, size:9, searchBy:null, searchedValue:null, match:null
2023-01-22 22:45:55 [http-nio-8080-exec-2] INFO  : [SongsController] -> GET, getAllSongs: page:0, size:9, searchBy:null, searchedValue:null, match:null
2023-01-22 22:46:13 [http-nio-8080-exec-3] INFO  : [SongsController] -> GET, getAllSongs: page:0, size:9, searchBy:null, searchedValue:null, match:null
2023-01-22 22:46:16 [http-nio-8080-exec-4] INFO  : [SongsController] -> GET, getAllSongs: page:0, size:9, searchBy:null, searchedValue:null, match:null
2023-01-22 22:46:21 [http-nio-8080-exec-7] INFO  : [SongsController] -> GET, getAllSongs: page:0, size:9, searchBy:null, searchedValue:null, match:null
2023-01-22 22:46:29 [http-nio-8080-exec-6] INFO  : [SongsController] -> GET, getAllSongs: page:0, size:9, searchBy:null, searchedValue:null, match:null
2023-01-22 22:46:30 [http-nio-8080-exec-10] INFO  : [SongsController] -> GET, getAllSongs: page:0, size:9, searchBy:null, searchedValue:null, match:null
2023-01-22 22:46:33 [http-nio-8080-exec-9] INFO  : [SongsController] -> GET, getAllSongs: page:0, size:9, searchBy:null, searchedValue:null, match:null
2023-01-22 22:46:36 [http-nio-8080-exec-1] INFO  : [SongsController] -> GET, getAllSongs: page:0, size:9, searchBy:null, searchedValue:null, match:null
2023-01-22 22:46:40 [http-nio-8080-exec-8] INFO  : [SongsController] -> GET, getAllSongs: page:0, size:9, searchBy:null, searchedValue:null, match:null
2023-01-22 22:46:51 [http-nio-8080-exec-5] INFO  : [SongsController] -> GET, getAllSongs: page:0, size:9, searchBy:null, searchedValue:null, match:null
2023-01-22 22:46:56 [http-nio-8080-exec-2] INFO  : [SongsController] -> GET, getAllSongs: page:0, size:9, searchBy:null, searchedValue:null, match:null
2023-01-22 22:47:00 [http-nio-8080-exec-3] INFO  : [SongsController] -> GET, getAllSongs: page:0, size:9, searchBy:null, searchedValue:null, match:null
2023-01-22 22:47:03 [http-nio-8080-exec-4] INFO  : [SongsController] -> GET, getAllSongs: page:0, size:9, searchBy:null, searchedValue:null, match:null
2023-01-22 22:47:25 [http-nio-8080-exec-7] INFO  : [SongsController] -> GET, getAllSongs: page:0, size:9, searchBy:null, searchedValue:null, match:null
2023-01-22 22:47:27 [http-nio-8080-exec-6] INFO  : [SongsController] -> GET, getAllSongs: page:0, size:9, searchBy:null, searchedValue:null, match:null
2023-01-22 22:47:36 [http-nio-8080-exec-10] INFO  : [SongsController] -> GET, getAllSongs: page:0, size:9, searchBy:null, searchedValue:null, match:null
2023-01-22 22:47:37 [http-nio-8080-exec-9] INFO  : [SongsController] -> GET, getAllSongs: page:0, size:9, searchBy:null, searchedValue:null, match:null
2023-01-22 22:47:38 [http-nio-8080-exec-1] INFO  : [SongsController] -> GET, getAllSongs: page:0, size:9, searchBy:null, searchedValue:null, match:null
2023-01-22 22:47:47 [http-nio-8080-exec-8] INFO  : [SongsController] -> GET, getAllSongs: page:0, size:9, searchBy:null, searchedValue:null, match:null
2023-01-22 22:47:50 [http-nio-8080-exec-5] INFO  : [SongsController] -> GET, getAllSongs: page:0, size:9, searchBy:null, searchedValue:null, match:null
2023-01-22 22:47:52 [http-nio-8080-exec-2] INFO  : [SongsController] -> GET, getAllSongs: page:0, size:9, searchBy:null, searchedValue:null, match:null
2023-01-22 22:48:01 [http-nio-8080-exec-3] INFO  : [SongsController] -> GET, getAllSongs: page:0, size:9, searchBy:null, searchedValue:null, match:null
2023-01-22 22:48:03 [http-nio-8080-exec-4] INFO  : [SongsController] -> GET, getAllSongs: page:0, size:9, searchBy:null, searchedValue:null, match:null
2023-01-22 22:48:16 [http-nio-8080-exec-7] INFO  : [SongsController] -> GET, getAllSongs: page:0, size:9, searchBy:null, searchedValue:null, match:null
2023-01-22 22:48:21 [http-nio-8080-exec-6] INFO  : [SongsController] -> GET, getAllSongs: page:0, size:9, searchBy:null, searchedValue:null, match:null
2023-01-22 22:48:33 [http-nio-8080-exec-10] INFO  : [SongsController] -> GET, getAllSongs: page:0, size:9, searchBy:null, searchedValue:null, match:null
2023-01-22 22:48:54 [http-nio-8080-exec-9] INFO  : [SongsController] -> GET, getAllSongs: page:0, size:9, searchBy:null, searchedValue:null, match:null
2023-01-22 22:48:58 [http-nio-8080-exec-1] INFO  : [SongsController] -> GET, getAllSongs: page:0, size:9, searchBy:null, searchedValue:null, match:null
2023-01-22 22:49:00 [http-nio-8080-exec-8] INFO  : [SongsController] -> GET, getAllSongs: page:0, size:9, searchBy:null, searchedValue:null, match:null
2023-01-22 22:49:02 [http-nio-8080-exec-5] INFO  : [SongsController] -> GET, getAllSongs: page:0, size:9, searchBy:null, searchedValue:null, match:null
2023-01-22 22:49:14 [http-nio-8080-exec-2] INFO  : [SongsController] -> GET, getAllSongs: page:0, size:9, searchBy:null, searchedValue:null, match:null
2023-01-22 22:49:16 [http-nio-8080-exec-3] INFO  : [SongsController] -> GET, getAllSongs: page:0, size:9, searchBy:null, searchedValue:null, match:null
2023-01-22 22:49:19 [http-nio-8080-exec-4] INFO  : [SongsController] -> GET, getSongById, songId:55
2023-01-22 22:49:24 [http-nio-8080-exec-7] INFO  : [SongsController] -> GET, getSongById, songId:55
2023-01-22 22:49:26 [http-nio-8080-exec-6] INFO  : [SongsController] -> GET, getAllSongs: page:0, size:9, searchBy:null, searchedValue:null, match:null
2023-01-22 22:49:26 [http-nio-8080-exec-10] INFO  : [ArtistsController] -> GET, getAllArtists: page:0, size:9, name:null, match:null
2023-01-22 22:50:30 [http-nio-8080-exec-8] INFO  : [SongsController] -> GET, getSongById, songId:55
2023-01-22 22:50:38 [http-nio-8080-exec-5] INFO  : [SongsController] -> GET, getSongById, songId:88
2023-01-22 22:50:40 [http-nio-8080-exec-2] INFO  : [SongsController] -> GET, getSongById, songId:89
2023-01-22 22:50:42 [http-nio-8080-exec-3] INFO  : [SongsController] -> GET, getSongById, songId:88
2023-01-22 22:50:47 [http-nio-8080-exec-4] INFO  : [SongsController] -> GET, getSongById, songId:55
2023-01-22 22:51:41 [http-nio-8080-exec-7] INFO  : [SongsController] -> GET, getSongById, songId:55
2023-01-22 22:51:50 [http-nio-8080-exec-6] INFO  : [SongsController] -> GET, getSongById, songId:55
2023-01-22 22:52:01 [http-nio-8080-exec-10] INFO  : [SongsController] -> GET, getSongById, songId:55
2023-01-22 22:52:05 [http-nio-8080-exec-9] INFO  : [SongsController] -> GET, getSongById, songId:89
2023-01-22 22:52:14 [http-nio-8080-exec-1] INFO  : [SongsController] -> GET, getSongById, songId:89
2023-01-22 22:52:18 [http-nio-8080-exec-8] INFO  : [SongsController] -> GET, getSongById, songId:89
2023-01-22 22:52:32 [http-nio-8080-exec-5] INFO  : [SongsController] -> GET, getSongById, songId:89
2023-01-22 22:52:37 [http-nio-8080-exec-2] INFO  : [SongsController] -> GET, getSongById, songId:89
2023-01-22 22:52:40 [http-nio-8080-exec-3] INFO  : [SongsController] -> GET, getSongById, songId:89
2023-01-22 22:52:53 [http-nio-8080-exec-4] INFO  : [SongsController] -> GET, getSongById, songId:89
2023-01-22 22:52:58 [http-nio-8080-exec-7] INFO  : [SongsController] -> GET, getSongById, songId:89
2023-01-22 22:53:01 [http-nio-8080-exec-6] INFO  : [SongsController] -> GET, getSongById, songId:89
2023-01-22 22:53:02 [http-nio-8080-exec-10] INFO  : [SongsController] -> GET, getSongById, songId:89
2023-01-22 22:53:07 [http-nio-8080-exec-9] INFO  : [SongsController] -> GET, getSongById, songId:89
2023-01-22 22:53:11 [http-nio-8080-exec-1] INFO  : [SongsController] -> GET, getSongById, songId:89
2023-01-22 22:53:13 [http-nio-8080-exec-8] INFO  : [SongsController] -> GET, getSongById, songId:89
2023-01-22 22:53:20 [http-nio-8080-exec-5] INFO  : [SongsController] -> GET, getSongById, songId:89
2023-01-22 22:53:23 [http-nio-8080-exec-2] INFO  : [SongsController] -> GET, getSongById, songId:89
2023-01-22 22:53:24 [http-nio-8080-exec-3] INFO  : [SongsController] -> GET, getSongById, songId:89
2023-01-22 22:53:31 [http-nio-8080-exec-4] INFO  : [SongsController] -> GET, getSongById, songId:89
2023-01-22 22:53:37 [http-nio-8080-exec-7] INFO  : [SongsController] -> GET, getSongById, songId:89
2023-01-22 22:53:41 [http-nio-8080-exec-6] INFO  : [SongsController] -> GET, getSongById, songId:89
2023-01-22 22:53:44 [http-nio-8080-exec-10] INFO  : [SongsController] -> GET, getSongById, songId:88
2023-01-22 22:53:47 [http-nio-8080-exec-9] INFO  : [SongsController] -> GET, getSongById, songId:55
2023-01-22 22:54:21 [http-nio-8080-exec-1] INFO  : [SongsController] -> GET, getSongById, songId:55
2023-01-22 22:54:25 [http-nio-8080-exec-8] INFO  : [SongsController] -> GET, getSongById, songId:89
2023-01-22 22:54:26 [http-nio-8080-exec-5] INFO  : [SongsController] -> GET, getSongById, songId:88
2023-01-22 22:54:47 [http-nio-8080-exec-2] INFO  : [SongsController] -> GET, getSongById, songId:55
2023-01-22 22:54:48 [http-nio-8080-exec-3] INFO  : [SongsController] -> GET, getSongById, songId:89
2023-01-22 22:54:58 [http-nio-8080-exec-4] INFO  : [SongsController] -> GET, getSongById, songId:55
2023-01-22 22:55:00 [http-nio-8080-exec-7] INFO  : [SongsController] -> GET, getSongById, songId:88
2023-01-22 22:55:05 [http-nio-8080-exec-6] INFO  : [SongsController] -> GET, getSongById, songId:89
2023-01-22 22:55:21 [http-nio-8080-exec-10] INFO  : [SongsController] -> GET, getSongById, songId:55
2023-01-22 22:55:23 [http-nio-8080-exec-9] INFO  : [SongsController] -> GET, getSongById, songId:88
2023-01-22 22:55:25 [http-nio-8080-exec-1] INFO  : [SongsController] -> GET, getSongById, songId:89
2023-01-22 22:56:08 [http-nio-8080-exec-8] INFO  : [SongsController] -> GET, getSongById, songId:55
2023-01-22 22:56:09 [http-nio-8080-exec-5] INFO  : [SongsController] -> GET, getSongById, songId:89
2023-01-22 22:56:10 [http-nio-8080-exec-2] INFO  : [SongsController] -> GET, getSongById, songId:88
2023-01-22 22:56:11 [http-nio-8080-exec-3] INFO  : [SongsController] -> GET, getSongById, songId:89
2023-01-22 22:56:21 [http-nio-8080-exec-4] INFO  : [SongsController] -> GET, getAllSongs: page:0, size:9, searchBy:null, searchedValue:null, match:null
2023-01-22 22:56:22 [http-nio-8080-exec-7] INFO  : [ArtistsController] -> GET, getAllArtists: page:0, size:9, name:null, match:null
2023-01-22 22:56:24 [http-nio-8080-exec-6] INFO  : [ArtistsController] -> GET, getAllArtists: page:0, size:9, name:null, match:null
2023-01-22 22:57:02 [http-nio-8080-exec-10] INFO  : [SongsController] -> GET, getAllSongs: page:0, size:9, searchBy:null, searchedValue:null, match:null
2023-01-22 22:57:12 [http-nio-8080-exec-9] INFO  : [ArtistsController] -> GET, getAllArtists: page:0, size:9, name:null, match:null
2023-01-22 22:57:13 [http-nio-8080-exec-1] INFO  : [SongsController] -> GET, getAllSongs: page:0, size:9, searchBy:null, searchedValue:null, match:null
2023-01-22 22:57:15 [http-nio-8080-exec-8] INFO  : [SongsController] -> GET, getAllSongs: page:0, size:9, searchBy:null, searchedValue:null, match:null
2023-01-22 22:57:18 [http-nio-8080-exec-5] INFO  : [ArtistsController] -> GET, getAllArtists: page:0, size:9, name:null, match:null
2023-01-22 22:57:18 [http-nio-8080-exec-2] INFO  : [SongsController] -> GET, getAllSongs: page:0, size:9, searchBy:null, searchedValue:null, match:null
2023-01-22 22:57:19 [http-nio-8080-exec-3] INFO  : [ArtistsController] -> GET, getAllArtists: page:0, size:9, name:null, match:null
2023-01-22 22:57:27 [http-nio-8080-exec-4] INFO  : [SongsController] -> GET, getAllSongs: page:0, size:9, searchBy:null, searchedValue:null, match:null
2023-01-22 22:58:35 [SpringApplicationShutdownHook] INFO  : Closing JPA EntityManagerFactory for persistence unit 'default'
2023-01-22 22:58:35 [SpringApplicationShutdownHook] INFO  : HikariPool-1 - Shutdown initiated...
2023-01-22 22:58:35 [SpringApplicationShutdownHook] INFO  : HikariPool-1 - Shutdown completed.
